<?xml version="1.0" encoding="UTF-8" ?>
<testsuite failures="0" time="0.003" errors="0" skipped="0" tests="3" name="gov.llnl.ontology.util.CombinedSetTest">
  <properties>
    <property name="java.runtime.name" value="Java(TM) SE Runtime Environment"/>
    <property name="sun.boot.library.path" value="/usr/lib/jvm/java-6-sun-1.6.0.15/jre/lib/amd64"/>
    <property name="java.vm.version" value="14.1-b02"/>
    <property name="java.vm.vendor" value="Sun Microsystems Inc."/>
    <property name="java.vendor.url" value="http://java.sun.com/"/>
    <property name="path.separator" value=":"/>
    <property name="java.vm.name" value="Java HotSpot(TM) 64-Bit Server VM"/>
    <property name="file.encoding.pkg" value="sun.io"/>
    <property name="user.country" value="US"/>
    <property name="sun.java.launcher" value="SUN_STANDARD"/>
    <property name="sun.os.patch.level" value="unknown"/>
    <property name="java.vm.specification.name" value="Java Virtual Machine Specification"/>
    <property name="user.dir" value="/home/thuang513/research/C-Cat/extendOntology"/>
    <property name="java.runtime.version" value="1.6.0_15-b03"/>
    <property name="java.awt.graphicsenv" value="sun.awt.X11GraphicsEnvironment"/>
    <property name="basedir" value="/home/thuang513/research/C-Cat/extendOntology"/>
    <property name="java.endorsed.dirs" value="/usr/lib/jvm/java-6-sun-1.6.0.15/jre/lib/endorsed"/>
    <property name="os.arch" value="amd64"/>
    <property name="surefire.real.class.path" value="/tmp/surefirebooter323520613617610668.jar"/>
    <property name="java.io.tmpdir" value="/tmp"/>
    <property name="line.separator" value="
"/>
    <property name="java.vm.specification.vendor" value="Sun Microsystems Inc."/>
    <property name="os.name" value="Linux"/>
    <property name="sun.jnu.encoding" value="UTF-8"/>
    <property name="java.library.path" value="/usr/lib/jvm/java-6-sun-1.6.0.15/jre/lib/amd64/server:/usr/lib/jvm/java-6-sun-1.6.0.15/jre/lib/amd64:/usr/lib/jvm/java-6-sun-1.6.0.15/jre/../lib/amd64:/usr/java/packages/lib/amd64:/lib:/usr/lib"/>
    <property name="surefire.test.class.path" value="/home/thuang513/research/C-Cat/extendOntology/target/test-classes:/home/thuang513/research/C-Cat/extendOntology/target/classes:/home/thuang513/.m2/repository/org/htmlparser/htmlparser/1.6/htmlparser-1.6.jar:/usr/lib/jvm/java-6-sun-1.6.0.15/jre/../lib/tools.jar:/home/thuang513/.m2/repository/junit/junit/4.7/junit-4.7.jar:/home/thuang513/.m2/repository/edu/ucla/sspace/sspace/2.0/sspace-2.0.jar:/home/thuang513/.m2/repository/graph/edu/ucla/sspace/sspace-graph/1.0/sspace-graph-1.0.jar:/home/thuang513/.m2/repository/gov/llnl/text/textCommons/1.5.2/textCommons-1.5.2.jar:/home/thuang513/.m2/repository/edu/stanford/nlp/stanfordNlp/2010-11-12/stanfordNlp-2010-11-12.jar:/home/thuang513/.m2/repository/commons-logging/commons-logging/1.1.1/commons-logging-1.1.1.jar:/home/thuang513/.m2/repository/org/apache/mahout/mahout-math/0.5/mahout-math-0.5.jar:/home/thuang513/.m2/repository/org/apache/commons/commons-math/2.1/commons-math-2.1.jar:/home/thuang513/.m2/repository/org/uncommons/maths/uncommons-maths/1.2/uncommons-maths-1.2.jar:/home/thuang513/.m2/repository/com/google/guava/guava/r09/guava-r09.jar:/home/thuang513/.m2/repository/org/apache/mahout/mahout-collections/1.0/mahout-collections-1.0.jar:/home/thuang513/.m2/repository/org/slf4j/slf4j-api/1.6.0/slf4j-api-1.6.0.jar:/home/thuang513/.m2/repository/org/apache/mahout/mahout-core/0.5/mahout-core-0.5.jar:/home/thuang513/.m2/repository/org/apache/hadoop/hadoop-core/0.20.2/hadoop-core-0.20.2.jar:/home/thuang513/.m2/repository/commons-cli/commons-cli/1.2/commons-cli-1.2.jar:/home/thuang513/.m2/repository/commons-httpclient/commons-httpclient/3.0.1/commons-httpclient-3.0.1.jar:/home/thuang513/.m2/repository/commons-codec/commons-codec/1.3/commons-codec-1.3.jar:/home/thuang513/.m2/repository/commons-dbcp/commons-dbcp/1.2.2/commons-dbcp-1.2.2.jar:/home/thuang513/.m2/repository/commons-pool/commons-pool/1.4/commons-pool-1.4.jar:/home/thuang513/.m2/repository/commons-lang/commons-lang/2.4/commons-lang-2.4.jar:/home/thuang513/.m2/repository/org/uncommons/watchmaker/watchmaker-framework/0.6.2/watchmaker-framework-0.6.2.jar:/home/thuang513/.m2/repository/com/google/collections/google-collections/1.0-rc2/google-collections-1.0-rc2.jar:/home/thuang513/.m2/repository/com/thoughtworks/xstream/xstream/1.3.1/xstream-1.3.1.jar:/home/thuang513/.m2/repository/xpp3/xpp3_min/1.1.4c/xpp3_min-1.1.4c.jar:/home/thuang513/.m2/repository/org/apache/lucene/lucene-core/3.1.0/lucene-core-3.1.0.jar:/home/thuang513/.m2/repository/org/apache/lucene/lucene-analyzers/3.1.0/lucene-analyzers-3.1.0.jar:/home/thuang513/.m2/repository/org/apache/mahout/commons/commons-cli/2.0-mahout/commons-cli-2.0-mahout.jar:/home/thuang513/.m2/repository/commons-collections/commons-collections/3.2.1/commons-collections-3.2.1.jar:/home/thuang513/.m2/repository/xmlenc/xmlenc/0.52/xmlenc-0.52.jar:/home/thuang513/.m2/repository/commons-net/commons-net/1.4.1/commons-net-1.4.1.jar:/home/thuang513/.m2/repository/oro/oro/2.0.8/oro-2.0.8.jar:/home/thuang513/.m2/repository/org/mortbay/jetty/jetty/6.1.14/jetty-6.1.14.jar:/home/thuang513/.m2/repository/org/mortbay/jetty/jetty-util/6.1.14/jetty-util-6.1.14.jar:/home/thuang513/.m2/repository/org/mortbay/jetty/servlet-api-2.5/6.1.14/servlet-api-2.5-6.1.14.jar:/home/thuang513/.m2/repository/tomcat/jasper-runtime/5.5.12/jasper-runtime-5.5.12.jar:/home/thuang513/.m2/repository/tomcat/jasper-compiler/5.5.12/jasper-compiler-5.5.12.jar:/home/thuang513/.m2/repository/org/mortbay/jetty/jsp-api-2.1/6.1.14/jsp-api-2.1-6.1.14.jar:/home/thuang513/.m2/repository/org/mortbay/jetty/jsp-2.1/6.1.14/jsp-2.1-6.1.14.jar:/home/thuang513/.m2/repository/org/eclipse/jdt/core/3.1.1/core-3.1.1.jar:/home/thuang513/.m2/repository/ant/ant/1.6.5/ant-1.6.5.jar:/home/thuang513/.m2/repository/commons-el/commons-el/1.0/commons-el-1.0.jar:/home/thuang513/.m2/repository/net/java/dev/jets3t/jets3t/0.7.1/jets3t-0.7.1.jar:/home/thuang513/.m2/repository/net/sf/kosmosfs/kfs/0.3/kfs-0.3.jar:/home/thuang513/.m2/repository/hsqldb/hsqldb/1.8.0.10/hsqldb-1.8.0.10.jar:/home/thuang513/.m2/repository/com/maprfs/maprfs/0.1/maprfs-0.1.jar:/home/thuang513/.m2/repository/org/apache/hbase/hbase/0.90.2/hbase-0.90.2.jar:/home/thuang513/.m2/repository/log4j/log4j/1.2.16/log4j-1.2.16.jar:/home/thuang513/.m2/repository/org/apache/hadoop/avro/1.3.3/avro-1.3.3.jar:/home/thuang513/.m2/repository/org/codehaus/jackson/jackson-mapper-asl/1.4.2/jackson-mapper-asl-1.4.2.jar:/home/thuang513/.m2/repository/org/codehaus/jackson/jackson-core-asl/1.5.5/jackson-core-asl-1.5.5.jar:/home/thuang513/.m2/repository/org/apache/zookeeper/zookeeper/3.3.2/zookeeper-3.3.2.jar:/home/thuang513/.m2/repository/org/apache/thrift/thrift/0.2.0/thrift-0.2.0.jar:/home/thuang513/.m2/repository/org/jruby/jruby-complete/1.6.0/jruby-complete-1.6.0.jar:/home/thuang513/.m2/repository/org/slf4j/slf4j-log4j12/1.5.8/slf4j-log4j12-1.5.8.jar:/home/thuang513/.m2/repository/com/google/protobuf/protobuf-java/2.3.0/protobuf-java-2.3.0.jar:/home/thuang513/.m2/repository/com/sun/jersey/jersey-core/1.4/jersey-core-1.4.jar:/home/thuang513/.m2/repository/com/sun/jersey/jersey-json/1.4/jersey-json-1.4.jar:/home/thuang513/.m2/repository/org/codehaus/jettison/jettison/1.1/jettison-1.1.jar:/home/thuang513/.m2/repository/stax/stax-api/1.0.1/stax-api-1.0.1.jar:/home/thuang513/.m2/repository/com/sun/xml/bind/jaxb-impl/2.1.12/jaxb-impl-2.1.12.jar:/home/thuang513/.m2/repository/javax/xml/bind/jaxb-api/2.1/jaxb-api-2.1.jar:/home/thuang513/.m2/repository/javax/activation/activation/1.1/activation-1.1.jar:/home/thuang513/.m2/repository/org/codehaus/jackson/jackson-jaxrs/1.5.5/jackson-jaxrs-1.5.5.jar:/home/thuang513/.m2/repository/org/codehaus/jackson/jackson-xc/1.5.5/jackson-xc-1.5.5.jar:/home/thuang513/.m2/repository/com/sun/jersey/jersey-server/1.4/jersey-server-1.4.jar:/home/thuang513/.m2/repository/asm/asm/3.1/asm-3.1.jar:/home/thuang513/.m2/repository/javax/ws/rs/jsr311-api/1.1.1/jsr311-api-1.1.1.jar:/home/thuang513/.m2/repository/org/apache/opennlp/opennlp-tools/1.5.1-incubating/opennlp-tools-1.5.1-incubating.jar:/home/thuang513/.m2/repository/org/apache/opennlp/opennlp-maxent/3.0.1-incubating/opennlp-maxent-3.0.1-incubating.jar:/home/thuang513/.m2/repository/jwnl/jwnl/1.3.3/jwnl-1.3.3.jar:/home/thuang513/.m2/repository/org/maltparser/maltparser/1.5.1/maltparser-1.5.1.jar:/home/thuang513/.m2/repository/lib/linear/liblinear/1.7/liblinear-1.7.jar:/home/thuang513/.m2/repository/lib/svm/libsvm/1.0/libsvm-1.0.jar:/home/thuang513/.m2/repository/com/google/code/gson/gson/1.7.1/gson-1.7.1.jar:"/>
    <property name="java.specification.name" value="Java Platform API Specification"/>
    <property name="java.class.version" value="50.0"/>
    <property name="sun.management.compiler" value="HotSpot 64-Bit Server Compiler"/>
    <property name="os.version" value="2.6.31-19-generic"/>
    <property name="user.home" value="/home/thuang513"/>
    <property name="user.timezone" value=""/>
    <property name="java.awt.printerjob" value="sun.print.PSPrinterJob"/>
    <property name="file.encoding" value="UTF-8"/>
    <property name="java.specification.version" value="1.6"/>
    <property name="user.name" value="thuang513"/>
    <property name="java.class.path" value="/home/thuang513/research/C-Cat/extendOntology/target/test-classes:/home/thuang513/research/C-Cat/extendOntology/target/classes:/home/thuang513/.m2/repository/org/htmlparser/htmlparser/1.6/htmlparser-1.6.jar:/usr/lib/jvm/java-6-sun-1.6.0.15/jre/../lib/tools.jar:/home/thuang513/.m2/repository/junit/junit/4.7/junit-4.7.jar:/home/thuang513/.m2/repository/edu/ucla/sspace/sspace/2.0/sspace-2.0.jar:/home/thuang513/.m2/repository/graph/edu/ucla/sspace/sspace-graph/1.0/sspace-graph-1.0.jar:/home/thuang513/.m2/repository/gov/llnl/text/textCommons/1.5.2/textCommons-1.5.2.jar:/home/thuang513/.m2/repository/edu/stanford/nlp/stanfordNlp/2010-11-12/stanfordNlp-2010-11-12.jar:/home/thuang513/.m2/repository/commons-logging/commons-logging/1.1.1/commons-logging-1.1.1.jar:/home/thuang513/.m2/repository/org/apache/mahout/mahout-math/0.5/mahout-math-0.5.jar:/home/thuang513/.m2/repository/org/apache/commons/commons-math/2.1/commons-math-2.1.jar:/home/thuang513/.m2/repository/org/uncommons/maths/uncommons-maths/1.2/uncommons-maths-1.2.jar:/home/thuang513/.m2/repository/com/google/guava/guava/r09/guava-r09.jar:/home/thuang513/.m2/repository/org/apache/mahout/mahout-collections/1.0/mahout-collections-1.0.jar:/home/thuang513/.m2/repository/org/slf4j/slf4j-api/1.6.0/slf4j-api-1.6.0.jar:/home/thuang513/.m2/repository/org/apache/mahout/mahout-core/0.5/mahout-core-0.5.jar:/home/thuang513/.m2/repository/org/apache/hadoop/hadoop-core/0.20.2/hadoop-core-0.20.2.jar:/home/thuang513/.m2/repository/commons-cli/commons-cli/1.2/commons-cli-1.2.jar:/home/thuang513/.m2/repository/commons-httpclient/commons-httpclient/3.0.1/commons-httpclient-3.0.1.jar:/home/thuang513/.m2/repository/commons-codec/commons-codec/1.3/commons-codec-1.3.jar:/home/thuang513/.m2/repository/commons-dbcp/commons-dbcp/1.2.2/commons-dbcp-1.2.2.jar:/home/thuang513/.m2/repository/commons-pool/commons-pool/1.4/commons-pool-1.4.jar:/home/thuang513/.m2/repository/commons-lang/commons-lang/2.4/commons-lang-2.4.jar:/home/thuang513/.m2/repository/org/uncommons/watchmaker/watchmaker-framework/0.6.2/watchmaker-framework-0.6.2.jar:/home/thuang513/.m2/repository/com/google/collections/google-collections/1.0-rc2/google-collections-1.0-rc2.jar:/home/thuang513/.m2/repository/com/thoughtworks/xstream/xstream/1.3.1/xstream-1.3.1.jar:/home/thuang513/.m2/repository/xpp3/xpp3_min/1.1.4c/xpp3_min-1.1.4c.jar:/home/thuang513/.m2/repository/org/apache/lucene/lucene-core/3.1.0/lucene-core-3.1.0.jar:/home/thuang513/.m2/repository/org/apache/lucene/lucene-analyzers/3.1.0/lucene-analyzers-3.1.0.jar:/home/thuang513/.m2/repository/org/apache/mahout/commons/commons-cli/2.0-mahout/commons-cli-2.0-mahout.jar:/home/thuang513/.m2/repository/commons-collections/commons-collections/3.2.1/commons-collections-3.2.1.jar:/home/thuang513/.m2/repository/xmlenc/xmlenc/0.52/xmlenc-0.52.jar:/home/thuang513/.m2/repository/commons-net/commons-net/1.4.1/commons-net-1.4.1.jar:/home/thuang513/.m2/repository/oro/oro/2.0.8/oro-2.0.8.jar:/home/thuang513/.m2/repository/org/mortbay/jetty/jetty/6.1.14/jetty-6.1.14.jar:/home/thuang513/.m2/repository/org/mortbay/jetty/jetty-util/6.1.14/jetty-util-6.1.14.jar:/home/thuang513/.m2/repository/org/mortbay/jetty/servlet-api-2.5/6.1.14/servlet-api-2.5-6.1.14.jar:/home/thuang513/.m2/repository/tomcat/jasper-runtime/5.5.12/jasper-runtime-5.5.12.jar:/home/thuang513/.m2/repository/tomcat/jasper-compiler/5.5.12/jasper-compiler-5.5.12.jar:/home/thuang513/.m2/repository/org/mortbay/jetty/jsp-api-2.1/6.1.14/jsp-api-2.1-6.1.14.jar:/home/thuang513/.m2/repository/org/mortbay/jetty/jsp-2.1/6.1.14/jsp-2.1-6.1.14.jar:/home/thuang513/.m2/repository/org/eclipse/jdt/core/3.1.1/core-3.1.1.jar:/home/thuang513/.m2/repository/ant/ant/1.6.5/ant-1.6.5.jar:/home/thuang513/.m2/repository/commons-el/commons-el/1.0/commons-el-1.0.jar:/home/thuang513/.m2/repository/net/java/dev/jets3t/jets3t/0.7.1/jets3t-0.7.1.jar:/home/thuang513/.m2/repository/net/sf/kosmosfs/kfs/0.3/kfs-0.3.jar:/home/thuang513/.m2/repository/hsqldb/hsqldb/1.8.0.10/hsqldb-1.8.0.10.jar:/home/thuang513/.m2/repository/com/maprfs/maprfs/0.1/maprfs-0.1.jar:/home/thuang513/.m2/repository/org/apache/hbase/hbase/0.90.2/hbase-0.90.2.jar:/home/thuang513/.m2/repository/log4j/log4j/1.2.16/log4j-1.2.16.jar:/home/thuang513/.m2/repository/org/apache/hadoop/avro/1.3.3/avro-1.3.3.jar:/home/thuang513/.m2/repository/org/codehaus/jackson/jackson-mapper-asl/1.4.2/jackson-mapper-asl-1.4.2.jar:/home/thuang513/.m2/repository/org/codehaus/jackson/jackson-core-asl/1.5.5/jackson-core-asl-1.5.5.jar:/home/thuang513/.m2/repository/org/apache/zookeeper/zookeeper/3.3.2/zookeeper-3.3.2.jar:/home/thuang513/.m2/repository/org/apache/thrift/thrift/0.2.0/thrift-0.2.0.jar:/home/thuang513/.m2/repository/org/jruby/jruby-complete/1.6.0/jruby-complete-1.6.0.jar:/home/thuang513/.m2/repository/org/slf4j/slf4j-log4j12/1.5.8/slf4j-log4j12-1.5.8.jar:/home/thuang513/.m2/repository/com/google/protobuf/protobuf-java/2.3.0/protobuf-java-2.3.0.jar:/home/thuang513/.m2/repository/com/sun/jersey/jersey-core/1.4/jersey-core-1.4.jar:/home/thuang513/.m2/repository/com/sun/jersey/jersey-json/1.4/jersey-json-1.4.jar:/home/thuang513/.m2/repository/org/codehaus/jettison/jettison/1.1/jettison-1.1.jar:/home/thuang513/.m2/repository/stax/stax-api/1.0.1/stax-api-1.0.1.jar:/home/thuang513/.m2/repository/com/sun/xml/bind/jaxb-impl/2.1.12/jaxb-impl-2.1.12.jar:/home/thuang513/.m2/repository/javax/xml/bind/jaxb-api/2.1/jaxb-api-2.1.jar:/home/thuang513/.m2/repository/javax/activation/activation/1.1/activation-1.1.jar:/home/thuang513/.m2/repository/org/codehaus/jackson/jackson-jaxrs/1.5.5/jackson-jaxrs-1.5.5.jar:/home/thuang513/.m2/repository/org/codehaus/jackson/jackson-xc/1.5.5/jackson-xc-1.5.5.jar:/home/thuang513/.m2/repository/com/sun/jersey/jersey-server/1.4/jersey-server-1.4.jar:/home/thuang513/.m2/repository/asm/asm/3.1/asm-3.1.jar:/home/thuang513/.m2/repository/javax/ws/rs/jsr311-api/1.1.1/jsr311-api-1.1.1.jar:/home/thuang513/.m2/repository/org/apache/opennlp/opennlp-tools/1.5.1-incubating/opennlp-tools-1.5.1-incubating.jar:/home/thuang513/.m2/repository/org/apache/opennlp/opennlp-maxent/3.0.1-incubating/opennlp-maxent-3.0.1-incubating.jar:/home/thuang513/.m2/repository/jwnl/jwnl/1.3.3/jwnl-1.3.3.jar:/home/thuang513/.m2/repository/org/maltparser/maltparser/1.5.1/maltparser-1.5.1.jar:/home/thuang513/.m2/repository/lib/linear/liblinear/1.7/liblinear-1.7.jar:/home/thuang513/.m2/repository/lib/svm/libsvm/1.0/libsvm-1.0.jar:/home/thuang513/.m2/repository/com/google/code/gson/gson/1.7.1/gson-1.7.1.jar:"/>
    <property name="java.vm.specification.version" value="1.0"/>
    <property name="sun.arch.data.model" value="64"/>
    <property name="java.home" value="/usr/lib/jvm/java-6-sun-1.6.0.15/jre"/>
    <property name="java.specification.vendor" value="Sun Microsystems Inc."/>
    <property name="user.language" value="en"/>
    <property name="java.vm.info" value="mixed mode"/>
    <property name="java.version" value="1.6.0_15"/>
    <property name="java.ext.dirs" value="/usr/lib/jvm/java-6-sun-1.6.0.15/jre/lib/ext:/usr/java/packages/lib/ext"/>
    <property name="sun.boot.class.path" value="/usr/lib/jvm/java-6-sun-1.6.0.15/jre/lib/resources.jar:/usr/lib/jvm/java-6-sun-1.6.0.15/jre/lib/rt.jar:/usr/lib/jvm/java-6-sun-1.6.0.15/jre/lib/sunrsasign.jar:/usr/lib/jvm/java-6-sun-1.6.0.15/jre/lib/jsse.jar:/usr/lib/jvm/java-6-sun-1.6.0.15/jre/lib/jce.jar:/usr/lib/jvm/java-6-sun-1.6.0.15/jre/lib/charsets.jar:/usr/lib/jvm/java-6-sun-1.6.0.15/jre/classes"/>
    <property name="java.vendor" value="Sun Microsystems Inc."/>
    <property name="localRepository" value="/home/thuang513/.m2/repository"/>
    <property name="file.separator" value="/"/>
    <property name="java.vendor.url.bug" value="http://java.sun.com/cgi-bin/bugreport.cgi"/>
    <property name="sun.cpu.endian" value="little"/>
    <property name="sun.io.unicode.encoding" value="UnicodeLittle"/>
    <property name="sun.cpu.isalist" value=""/>
  </properties>
  <testcase time="0.001" classname="gov.llnl.ontology.util.CombinedSetTest" name="testCombinedSize"/>
  <testcase time="0" classname="gov.llnl.ontology.util.CombinedSetTest" name="testContains"/>
  <testcase time="0" classname="gov.llnl.ontology.util.CombinedSetTest" name="testIterator"/>
</testsuite>